Using pre-set license
Built from '2020.2/release' branch; Version is '2020.2.0f1 (3721df5a8b28) revision 3613151'; Using compiler version '192528614'; Build Type 'Release'
OS: 'Windows 10  (10.0.0) 64bit' Language: 'ko' Physical Memory: 32717 MB
BatchMode: 1, IsHumanControllingUs: 0, StartBugReporterOnCrash: 0, Is64bit: 1, IsPro: 0

 COMMAND LINE ARGUMENTS:
C:\Program Files\Unity\Hub\Editor\2020.2.0f1\Editor\Unity.exe
-adb2
-batchMode
-noUpm
-name
AssetImportWorker0
-projectPath
E:/SourceTree0115/Geister/Geister
-logFile
Logs/AssetImportWorker0.log
-srvPort
58226
Successfully changed project path to: E:/SourceTree0115/Geister/Geister
E:/SourceTree0115/Geister/Geister
Using Asset Import Pipeline V2.
Refreshing native plugins compatible for Editor in 34.79 ms, found 0 plugins.
Preloading 0 native plugins for Editor in 0.00 ms.
Initialize engine version: 2020.2.0f1 (3721df5a8b28)
[Subsystems] Discovering subsystems at path C:/Program Files/Unity/Hub/Editor/2020.2.0f1/Editor/Data/Resources/UnitySubsystems
[Subsystems] Discovering subsystems at path E:/SourceTree0115/Geister/Geister/Assets
GfxDevice: creating device client; threaded=0
Direct3D:
    Version:  Direct3D 11.0 [level 11.1]
    Renderer: NVIDIA GeForce GTX 1660 SUPER (ID=0x21c4)
    Vendor:   
    VRAM:     5991 MB
    Driver:   27.21.14.5671
Initialize mono
Mono path[0] = 'C:/Program Files/Unity/Hub/Editor/2020.2.0f1/Editor/Data/Managed'
Mono path[1] = 'C:/Program Files/Unity/Hub/Editor/2020.2.0f1/Editor/Data/MonoBleedingEdge/lib/mono/unityjit'
Mono config path = 'C:/Program Files/Unity/Hub/Editor/2020.2.0f1/Editor/Data/MonoBleedingEdge/etc'
Using monoOptions --debugger-agent=transport=dt_socket,embedding=1,server=y,suspend=n,address=127.0.0.1:56360
Begin MonoManager ReloadAssembly
Registering precompiled unity dll's ...
Register platform support module: C:/Program Files/Unity/Hub/Editor/2020.2.0f1/Editor/Data/PlaybackEngines/WindowsStandaloneSupport/UnityEditor.WindowsStandalone.Extensions.dll
Registered in 0.001809 seconds.
Native extension for WindowsStandalone target not found
Refreshing native plugins compatible for Editor in 35.78 ms, found 0 plugins.
Preloading 0 native plugins for Editor in 0.00 ms.
Invoked RoslynAnalysisRunner static constructor.
RoslynAnalysisRunner will not be running.
RoslynAnalysisRunner has terminated.
Mono: successfully reloaded assembly
- Completed reload, in  1.974 seconds
Platform modules already initialized, skipping
Registering precompiled user dll's ...
Registered in 0.001376 seconds.
Begin MonoManager ReloadAssembly
Native extension for WindowsStandalone target not found
Refreshing native plugins compatible for Editor in 39.17 ms, found 0 plugins.
Preloading 0 native plugins for Editor in 0.00 ms.
Invoked RoslynAnalysisRunner static constructor.
RoslynAnalysisRunner will not be running.
RoslynAnalysisRunner has terminated.
Mono: successfully reloaded assembly
- Completed reload, in  0.823 seconds
Platform modules already initialized, skipping
========================================================================
Worker process is ready to serve import requests
Shader 'Universal Render Pipeline/Particles/Lit': fallback shader 'Universal Render Pipeline/Particles/SimpleLit' not found
Shader 'Universal Render Pipeline/Particles/Lit': fallback shader 'Universal Render Pipeline/Particles/SimpleLit' not found
Launched and connected shader compiler UnityShaderCompiler.exe after 0.04 seconds
Refreshing native plugins compatible for Editor in 0.42 ms, found 0 plugins.
Preloading 0 native plugins for Editor in 0.00 ms.
Unloading 2392 Unused Serialized files (Serialized files now loaded: 0)
System memory in use before: 114.1 MB.
System memory in use after: 112.0 MB.

Unloading 45 unused Assets to reduce memory usage. Loaded Objects now: 2801.
Total: 2.998900 ms (FindLiveObjects: 0.356600 ms CreateObjectMapping: 0.058100 ms MarkObjects: 1.523800 ms  DeleteObjects: 1.059000 ms)

========================================================================
Received Import Request.
  path: Assets/04_Image/ghost_bad.fbx
  artifactKey: Guid(979f8d0608c4d514fa71296ea951178a) Importer(815301076,1909f56bfc062723c751e8b465ee728b)
Start importing Assets/04_Image/ghost_bad.fbx using Guid(979f8d0608c4d514fa71296ea951178a) Importer(815301076,1909f56bfc062723c751e8b465ee728b)  -> (artifact id: '9e3d65cc138e9bb91ba338c0da8770fa') in 1.188496 seconds
  Import took 1.192747 seconds .

========================================================================
Received Import Request.
  Time since last request: 0.052569 seconds.
  path: Assets/04_Image/background.png
  artifactKey: Guid(e69f24275d1f18f498e5bb6b4bf5b6ee) Importer(815301076,1909f56bfc062723c751e8b465ee728b)
Start importing Assets/04_Image/background.png using Guid(e69f24275d1f18f498e5bb6b4bf5b6ee) Importer(815301076,1909f56bfc062723c751e8b465ee728b)  -> (artifact id: '86b513bd55e836ff78a1c73b22fc1b5b') in 0.062810 seconds
  Import took 0.068511 seconds .

========================================================================
Received Import Request.
  Time since last request: 0.000311 seconds.
  path: Assets/04_Image/ghost_good.fbx
  artifactKey: Guid(dfa11ee9a44c6484b9b3caf3174d37e3) Importer(815301076,1909f56bfc062723c751e8b465ee728b)
Start importing Assets/04_Image/ghost_good.fbx using Guid(dfa11ee9a44c6484b9b3caf3174d37e3) Importer(815301076,1909f56bfc062723c751e8b465ee728b)  -> (artifact id: 'aeeb79ba18a3a12f0eacb8415ad19f7a') in 0.111076 seconds
  Import took 0.115185 seconds .

========================================================================
Received Import Request.
  Time since last request: 17.521246 seconds.
  path: Assets/04_Image/background.png
  artifactKey: Guid(e69f24275d1f18f498e5bb6b4bf5b6ee) Importer(815301076,1909f56bfc062723c751e8b465ee728b)
Start importing Assets/04_Image/background.png using Guid(e69f24275d1f18f498e5bb6b4bf5b6ee) Importer(815301076,1909f56bfc062723c751e8b465ee728b)  -> (artifact id: 'd0709e33724822c71b24405b6379317d') in 0.052185 seconds
  Import took 0.057495 seconds .

========================================================================
Received Prepare
Registering precompiled user dll's ...
Registered in 0.001344 seconds.
Begin MonoManager ReloadAssembly
Native extension for WindowsStandalone target not found
Refreshing native plugins compatible for Editor in 0.42 ms, found 0 plugins.
Preloading 0 native plugins for Editor in 0.00 ms.
Invoked RoslynAnalysisRunner static constructor.
RoslynAnalysisRunner will not be running.
RoslynAnalysisRunner has terminated.
Mono: successfully reloaded assembly
- Completed reload, in  0.753 seconds
Platform modules already initialized, skipping
Shader 'Universal Render Pipeline/Particles/Lit': fallback shader 'Universal Render Pipeline/Particles/SimpleLit' not found
Shader 'Universal Render Pipeline/Particles/Lit': fallback shader 'Universal Render Pipeline/Particles/SimpleLit' not found
Refreshing native plugins compatible for Editor in 0.52 ms, found 0 plugins.
Preloading 0 native plugins for Editor in 0.00 ms.
Unloading 2351 Unused Serialized files (Serialized files now loaded: 0)
System memory in use before: 118.1 MB.
System memory in use after: 116.1 MB.

Unloading 40 unused Assets to reduce memory usage. Loaded Objects now: 2920.
Total: 3.064500 ms (FindLiveObjects: 0.369200 ms CreateObjectMapping: 0.058400 ms MarkObjects: 1.555100 ms  DeleteObjects: 1.080200 ms)

========================================================================
Received Import Request.
  Time since last request: 186.911155 seconds.
  path: Assets/04_Image/Materials
  artifactKey: Guid(f6888303736a26140b2ba6b4df4c8916) Importer(815301076,1909f56bfc062723c751e8b465ee728b)
Start importing Assets/04_Image/Materials using Guid(f6888303736a26140b2ba6b4df4c8916) Importer(815301076,1909f56bfc062723c751e8b465ee728b)  -> (artifact id: 'e257a0425f1b33a8705f63290d4d0dd9') in 0.018601 seconds
  Import took 0.022793 seconds .

========================================================================
Received Import Request.
  Time since last request: 1.533494 seconds.
  path: Assets/04_Image/Materials/background.mat
  artifactKey: Guid(41e90de45f63bd741b7efcdef60df1c8) Importer(815301076,1909f56bfc062723c751e8b465ee728b)
Start importing Assets/04_Image/Materials/background.mat using Guid(41e90de45f63bd741b7efcdef60df1c8) Importer(815301076,1909f56bfc062723c751e8b465ee728b)  -> (artifact id: '26529b3dce4a552ce6fa4dbabba3c0b9') in 0.210739 seconds
  Import took 0.216099 seconds .

========================================================================
Received Import Request.
  Time since last request: 229.292095 seconds.
  path: Assets/04_Image
  artifactKey: Guid(d8f906a578fa4f74cb386adffbb73266) Importer(815301076,1909f56bfc062723c751e8b465ee728b)
Start importing Assets/04_Image using Guid(d8f906a578fa4f74cb386adffbb73266) Importer(815301076,1909f56bfc062723c751e8b465ee728b)  -> (artifact id: 'e099e64ab4fec8e3a42311c67fae1a28') in 0.015594 seconds
  Import took 0.019349 seconds .

========================================================================
Received Import Request.
  Time since last request: 52.695708 seconds.
  path: Assets/04_Image/NewImageEffectShader.shader
  artifactKey: Guid(f2dbf0cab792b914c959d26586516757) Importer(815301076,1909f56bfc062723c751e8b465ee728b)
Start importing Assets/04_Image/NewImageEffectShader.shader using Guid(f2dbf0cab792b914c959d26586516757) Importer(815301076,1909f56bfc062723c751e8b465ee728b)  -> (artifact id: '52dc15e4aac8c0f1c9d863bec345d1eb') in 0.011855 seconds
  Import took 0.015878 seconds .

========================================================================
Received Import Request.
  Time since last request: 0.163420 seconds.
  path: Assets/04_Image/NewImageEffectShader.shader
  artifactKey: Guid(f2dbf0cab792b914c959d26586516757) Importer(815301076,1909f56bfc062723c751e8b465ee728b)
Start importing Assets/04_Image/NewImageEffectShader.shader using Guid(f2dbf0cab792b914c959d26586516757) Importer(815301076,1909f56bfc062723c751e8b465ee728b)  -> (artifact id: '52dc15e4aac8c0f1c9d863bec345d1eb') in 0.014175 seconds
  Import took 0.018389 seconds .

========================================================================
Received Import Request.
  Time since last request: 15.622322 seconds.
  path: Assets/04_Image/NewSurfaceShader.shader
  artifactKey: Guid(654395a73ad6b114f83103c915937df6) Importer(815301076,1909f56bfc062723c751e8b465ee728b)
Start importing Assets/04_Image/NewSurfaceShader.shader using Guid(654395a73ad6b114f83103c915937df6) Importer(815301076,1909f56bfc062723c751e8b465ee728b)  -> (artifact id: 'e539a7a43a89b9bcd57e28e6e8bc920c') in 0.008227 seconds
  Import took 0.012498 seconds .

========================================================================
Received Import Request.
  Time since last request: 0.073947 seconds.
  path: Assets/04_Image/NewSurfaceShader.shader
  artifactKey: Guid(654395a73ad6b114f83103c915937df6) Importer(815301076,1909f56bfc062723c751e8b465ee728b)
Start importing Assets/04_Image/NewSurfaceShader.shader using Guid(654395a73ad6b114f83103c915937df6) Importer(815301076,1909f56bfc062723c751e8b465ee728b)  -> (artifact id: 'e539a7a43a89b9bcd57e28e6e8bc920c') in 0.005282 seconds
  Import took 0.009556 seconds .

========================================================================
Received Import Request.
  Time since last request: 273.875851 seconds.
  path: Packages/com.unity.render-pipelines.universal/Runtime/Materials/Lit.mat
  artifactKey: Guid(31321ba15b8f8eb4c954353edc038b1d) Importer(815301076,1909f56bfc062723c751e8b465ee728b)
Start importing Packages/com.unity.render-pipelines.universal/Runtime/Materials/Lit.mat using Guid(31321ba15b8f8eb4c954353edc038b1d) Importer(815301076,1909f56bfc062723c751e8b465ee728b)  -> (artifact id: 'f1d65900eb5ea7614a5eedf5611cc645') in 0.380695 seconds
  Import took 0.384959 seconds .

========================================================================
Received Import Request.
  Time since last request: 0.000277 seconds.
  path: Packages/com.unity.render-pipelines.universal/Runtime/Materials/ParticlesUnlit.mat
  artifactKey: Guid(e823cd5b5d27c0f4b8256e7c12ee3e6d) Importer(815301076,1909f56bfc062723c751e8b465ee728b)
Start importing Packages/com.unity.render-pipelines.universal/Runtime/Materials/ParticlesUnlit.mat using Guid(e823cd5b5d27c0f4b8256e7c12ee3e6d) Importer(815301076,1909f56bfc062723c751e8b465ee728b)  -> (artifact id: 'b314d4207aab21d963bc9abcd4e1e2b6') in 0.029564 seconds
  Import took 0.033561 seconds .

========================================================================
Received Import Request.
  Time since last request: 0.000287 seconds.
  path: Packages/com.unity.render-pipelines.universal/Runtime/Materials/TerrainLit.mat
  artifactKey: Guid(594ea882c5a793440b60ff72d896021e) Importer(815301076,1909f56bfc062723c751e8b465ee728b)
Start importing Packages/com.unity.render-pipelines.universal/Runtime/Materials/TerrainLit.mat using Guid(594ea882c5a793440b60ff72d896021e) Importer(815301076,1909f56bfc062723c751e8b465ee728b)  -> (artifact id: '4881c0494b7f4b753c8a621de4095a87') in 0.448001 seconds
  Import took 0.452155 seconds .

========================================================================
Received Import Request.
  Time since last request: 0.000319 seconds.
  path: Packages/com.unity.render-pipelines.universal/Runtime/Materials/ParticlesUnlit.mat
  artifactKey: Guid(e823cd5b5d27c0f4b8256e7c12ee3e6d) Importer(815301076,1909f56bfc062723c751e8b465ee728b)
Start importing Packages/com.unity.render-pipelines.universal/Runtime/Materials/ParticlesUnlit.mat using Guid(e823cd5b5d27c0f4b8256e7c12ee3e6d) Importer(815301076,1909f56bfc062723c751e8b465ee728b)  -> (artifact id: 'b314d4207aab21d963bc9abcd4e1e2b6') in 0.025367 seconds
  Import took 0.028868 seconds .

========================================================================
Received Import Request.
  Time since last request: 0.000281 seconds.
  path: Packages/com.unity.render-pipelines.universal/Runtime/Materials/Sprite-Unlit-Default.mat
  artifactKey: Guid(9dfc825aed78fcd4ba02077103263b40) Importer(815301076,1909f56bfc062723c751e8b465ee728b)
Start importing Packages/com.unity.render-pipelines.universal/Runtime/Materials/Sprite-Unlit-Default.mat using Guid(9dfc825aed78fcd4ba02077103263b40) Importer(815301076,1909f56bfc062723c751e8b465ee728b)  -> (artifact id: '93a38a8e75a375a941cf591485e09668') in 0.049734 seconds
  Import took 0.053675 seconds .

========================================================================
Received Import Request.
  Time since last request: 0.000235 seconds.
  path: Packages/com.unity.render-pipelines.universal/Runtime/Materials/SimpleLit.mat
  artifactKey: Guid(6a1143ee683302f4aa628c052723efc1) Importer(815301076,1909f56bfc062723c751e8b465ee728b)
Start importing Packages/com.unity.render-pipelines.universal/Runtime/Materials/SimpleLit.mat using Guid(6a1143ee683302f4aa628c052723efc1) Importer(815301076,1909f56bfc062723c751e8b465ee728b)  -> (artifact id: '23030b949231a1e72003f8d6001972db') in 0.361184 seconds
  Import took 0.364749 seconds .

========================================================================
Received Import Request.
  Time since last request: 0.000280 seconds.
  path: Packages/com.unity.render-pipelines.universal/Runtime/Materials/Sprite-Lit-Default.mat
  artifactKey: Guid(a97c105638bdf8b4a8650670310a4cd3) Importer(815301076,1909f56bfc062723c751e8b465ee728b)
Start importing Packages/com.unity.render-pipelines.universal/Runtime/Materials/Sprite-Lit-Default.mat using Guid(a97c105638bdf8b4a8650670310a4cd3) Importer(815301076,1909f56bfc062723c751e8b465ee728b)  -> (artifact id: '90eff702d59ebbb312d917c138b82746') in 0.052960 seconds
  Import took 0.056695 seconds .

========================================================================
Received Import Request.
  Time since last request: 0.000301 seconds.
  path: Packages/com.unity.render-pipelines.universal/Runtime/Materials/SimpleLit.mat
  artifactKey: Guid(6a1143ee683302f4aa628c052723efc1) Importer(815301076,1909f56bfc062723c751e8b465ee728b)
Start importing Packages/com.unity.render-pipelines.universal/Runtime/Materials/SimpleLit.mat using Guid(6a1143ee683302f4aa628c052723efc1) Importer(815301076,1909f56bfc062723c751e8b465ee728b)  -> (artifact id: '23030b949231a1e72003f8d6001972db') in 0.064708 seconds
  Import took 0.068493 seconds .

========================================================================
Received Import Request.
  Time since last request: 0.000262 seconds.
  path: Packages/com.unity.render-pipelines.universal/Runtime/Materials/Lit.mat
  artifactKey: Guid(31321ba15b8f8eb4c954353edc038b1d) Importer(815301076,1909f56bfc062723c751e8b465ee728b)
Start importing Packages/com.unity.render-pipelines.universal/Runtime/Materials/Lit.mat using Guid(31321ba15b8f8eb4c954353edc038b1d) Importer(815301076,1909f56bfc062723c751e8b465ee728b)  -> (artifact id: 'f1d65900eb5ea7614a5eedf5611cc645') in 0.008849 seconds
  Import took 0.012120 seconds .

========================================================================
Received Import Request.
  Time since last request: 58.510223 seconds.
  path: Assets/04_Image/trest.shadergraph
  artifactKey: Guid(bb2861143eee2b44daff06aa8466323b) Importer(815301076,1909f56bfc062723c751e8b465ee728b)
Start importing Assets/04_Image/trest.shadergraph using Guid(bb2861143eee2b44daff06aa8466323b) Importer(815301076,1909f56bfc062723c751e8b465ee728b)  -> (artifact id: 'b700eb0057d7cc24e9f4e6533762480e') in 0.009328 seconds
  Import took 0.027127 seconds .

========================================================================
Received Import Request.
  Time since last request: 0.105749 seconds.
  path: Assets/04_Image/trest.shadergraph
  artifactKey: Guid(bb2861143eee2b44daff06aa8466323b) Importer(815301076,1909f56bfc062723c751e8b465ee728b)
Start importing Assets/04_Image/trest.shadergraph using Guid(bb2861143eee2b44daff06aa8466323b) Importer(815301076,1909f56bfc062723c751e8b465ee728b)  -> (artifact id: 'b700eb0057d7cc24e9f4e6533762480e') in 0.004287 seconds
  Import took 0.008422 seconds .

========================================================================
Received Import Request.
  Time since last request: 175.363787 seconds.
  path: Assets/04_Image/New Material.mat
  artifactKey: Guid(6b6572a449b291a43979ef06014abbf5) Importer(815301076,1909f56bfc062723c751e8b465ee728b)
Start importing Assets/04_Image/New Material.mat using Guid(6b6572a449b291a43979ef06014abbf5) Importer(815301076,1909f56bfc062723c751e8b465ee728b)  -> (artifact id: '91a375f28dcc091f00926d49f9caf5b6') in 0.022898 seconds
  Import took 0.026838 seconds .

========================================================================
Received Import Request.
  Time since last request: 25.641279 seconds.
  path: Assets/ExampleAssets/Textures/Props/Construction_Light/ConstructionLight_Albedo.tif
  artifactKey: Guid(2ec6e1532acb1254f9f3797b5d82db44) Importer(815301076,1909f56bfc062723c751e8b465ee728b)
Start importing Assets/ExampleAssets/Textures/Props/Construction_Light/ConstructionLight_Albedo.tif using Guid(2ec6e1532acb1254f9f3797b5d82db44) Importer(815301076,1909f56bfc062723c751e8b465ee728b)  -> (artifact id: '9ea78f0809164facbe41e343ab9416c0') in 0.401965 seconds
  Import took 0.405884 seconds .

========================================================================
Received Import Request.
  Time since last request: 0.000278 seconds.
  path: Assets/ExampleAssets/Textures/Props/Construction_Light/ConstructionLight_MetallicOcculusionSmoothness.tif
  artifactKey: Guid(9a81f1a59f171804e84fce76584bdcb7) Importer(815301076,1909f56bfc062723c751e8b465ee728b)
Start importing Assets/ExampleAssets/Textures/Props/Construction_Light/ConstructionLight_MetallicOcculusionSmoothness.tif using Guid(9a81f1a59f171804e84fce76584bdcb7) Importer(815301076,1909f56bfc062723c751e8b465ee728b)  -> (artifact id: '1f8632d19c7dea250c638ef8649937e8') in 0.035644 seconds
  Import took 0.039565 seconds .

========================================================================
Received Import Request.
  Time since last request: 0.000262 seconds.
  path: Assets/ExampleAssets/Textures/Props/Construction_Light/ConstructionLight_Albedo.tif
  artifactKey: Guid(2ec6e1532acb1254f9f3797b5d82db44) Importer(815301076,1909f56bfc062723c751e8b465ee728b)
Start importing Assets/ExampleAssets/Textures/Props/Construction_Light/ConstructionLight_Albedo.tif using Guid(2ec6e1532acb1254f9f3797b5d82db44) Importer(815301076,1909f56bfc062723c751e8b465ee728b)  -> (artifact id: '9ea78f0809164facbe41e343ab9416c0') in 0.009070 seconds
  Import took 0.012628 seconds .

========================================================================
Received Import Request.
  Time since last request: 0.000286 seconds.
  path: Assets/ExampleAssets/Textures/Props/Construction_Light/ConstructionLight_MetallicOcculusionSmoothness.tif
  artifactKey: Guid(9a81f1a59f171804e84fce76584bdcb7) Importer(815301076,1909f56bfc062723c751e8b465ee728b)
Start importing Assets/ExampleAssets/Textures/Props/Construction_Light/ConstructionLight_MetallicOcculusionSmoothness.tif using Guid(9a81f1a59f171804e84fce76584bdcb7) Importer(815301076,1909f56bfc062723c751e8b465ee728b)  -> (artifact id: '1f8632d19c7dea250c638ef8649937e8') in 0.009750 seconds
  Import took 0.013267 seconds .

========================================================================
Received Import Request.
  Time since last request: 0.000305 seconds.
  path: Assets/ExampleAssets/Textures/Plastic/Elastic_MetallicOcculusionSmoothness.tif
  artifactKey: Guid(f5df2fb0c070b57429f8ca23b216093b) Importer(815301076,1909f56bfc062723c751e8b465ee728b)
Start importing Assets/ExampleAssets/Textures/Plastic/Elastic_MetallicOcculusionSmoothness.tif using Guid(f5df2fb0c070b57429f8ca23b216093b) Importer(815301076,1909f56bfc062723c751e8b465ee728b)  -> (artifact id: '67926c38c5e29f3f9da0deff99c6c78a') in 0.025862 seconds
  Import took 0.037864 seconds .

========================================================================
Received Import Request.
  Time since last request: 0.000320 seconds.
  path: Assets/ExampleAssets/Textures/Drywall/Drywall_AlbedoSmoothness.tif
  artifactKey: Guid(3e11968c372730442aae3b4f7c909931) Importer(815301076,1909f56bfc062723c751e8b465ee728b)
Start importing Assets/ExampleAssets/Textures/Drywall/Drywall_AlbedoSmoothness.tif using Guid(3e11968c372730442aae3b4f7c909931) Importer(815301076,1909f56bfc062723c751e8b465ee728b)  -> (artifact id: '5c14adaa725df150c38c3724c6a59216') in 0.042676 seconds
  Import took 0.046294 seconds .

========================================================================
Received Import Request.
  Time since last request: 0.000249 seconds.
  path: Assets/ExampleAssets/Textures/Drywall/Drywall_Normal.tif
  artifactKey: Guid(e231e4c02c48ee14aafa55f7b1a843c1) Importer(815301076,1909f56bfc062723c751e8b465ee728b)
Start importing Assets/ExampleAssets/Textures/Drywall/Drywall_Normal.tif using Guid(e231e4c02c48ee14aafa55f7b1a843c1) Importer(815301076,1909f56bfc062723c751e8b465ee728b)  -> (artifact id: '6dfe13073c2b3fdac3e50a8ac106cea6') in 0.054664 seconds
  Import took 0.058869 seconds .

========================================================================
Received Import Request.
  Time since last request: 0.000272 seconds.
  path: Assets/ExampleAssets/Textures/Drywall/Drywall_Albedo.tif
  artifactKey: Guid(eae496078d11426448124eaf8b285e6b) Importer(815301076,1909f56bfc062723c751e8b465ee728b)
Start importing Assets/ExampleAssets/Textures/Drywall/Drywall_Albedo.tif using Guid(eae496078d11426448124eaf8b285e6b) Importer(815301076,1909f56bfc062723c751e8b465ee728b)  -> (artifact id: '150893b1e2ad3950d79fed3844bca443') in 0.195043 seconds
  Import took 0.198711 seconds .

========================================================================
Received Import Request.
  Time since last request: 0.000273 seconds.
  path: Assets/ExampleAssets/Textures/Drywall/DrywallPainted_Normal.tif
  artifactKey: Guid(2cd242c9999e92b4ca96dab876cfaf13) Importer(815301076,1909f56bfc062723c751e8b465ee728b)
Start importing Assets/ExampleAssets/Textures/Drywall/DrywallPainted_Normal.tif using Guid(2cd242c9999e92b4ca96dab876cfaf13) Importer(815301076,1909f56bfc062723c751e8b465ee728b)  -> (artifact id: 'f33fa5329f1543eed7656c7a12256872') in 0.051053 seconds
  Import took 0.054248 seconds .

========================================================================
Received Import Request.
  Time since last request: 356.906293 seconds.
  path: Assets/03_Prefabs/ghost_bad.prefab
  artifactKey: Guid(d1815608527037f4eb1ffda5dfe2b4f5) Importer(815301076,1909f56bfc062723c751e8b465ee728b)
Start importing Assets/03_Prefabs/ghost_bad.prefab using Guid(d1815608527037f4eb1ffda5dfe2b4f5) Importer(815301076,1909f56bfc062723c751e8b465ee728b)  -> (artifact id: 'ecfb014a3e1b55957a2057d5e51ca95a') in 0.039914 seconds
  Import took 0.044272 seconds .

========================================================================
Received Import Request.
  Time since last request: 296.544758 seconds.
  path: Assets/04_Image/New Material.mat
  artifactKey: Guid(6b6572a449b291a43979ef06014abbf5) Importer(815301076,1909f56bfc062723c751e8b465ee728b)
Start importing Assets/04_Image/New Material.mat using Guid(6b6572a449b291a43979ef06014abbf5) Importer(815301076,1909f56bfc062723c751e8b465ee728b)  -> (artifact id: 'a385fe914d64d00e9038966f3b38cacc') in 0.059924 seconds
  Import took 0.065513 seconds .

AssetImportWorkerClient::OnTransportError - code=2 error=End of file
